=== puma startup: 2017-12-22 10:55:13 +0000 ===
/usr/local/bundle/gems/puma-3.11.0/lib/puma/launcher.rb:130:in `initialize': No such file or directory @ rb_sysopen - /app/shared/pids/puma.pid (Errno::ENOENT)
	from /usr/local/bundle/gems/puma-3.11.0/lib/puma/launcher.rb:130:in `open'
	from /usr/local/bundle/gems/puma-3.11.0/lib/puma/launcher.rb:130:in `write_pid'
	from /usr/local/bundle/gems/puma-3.11.0/lib/puma/launcher.rb:103:in `write_state'
	from /usr/local/bundle/gems/puma-3.11.0/lib/puma/cluster.rb:445:in `run'
	from /usr/local/bundle/gems/puma-3.11.0/lib/puma/launcher.rb:183:in `run'
	from /usr/local/bundle/gems/puma-3.11.0/lib/puma/cli.rb:77:in `run'
	from /usr/local/bundle/gems/puma-3.11.0/bin/puma:10:in `<top (required)>'
	from /usr/local/bundle/bin/puma:21:in `load'
	from /usr/local/bundle/bin/puma:21:in `<main>'
=== puma startup: 2017-12-22 10:57:02 +0000 ===
=== puma startup: 2017-12-22 11:36:28 +0000 ===
=== puma startup: 2017-12-22 11:37:59 +0000 ===
=== puma startup: 2017-12-22 11:44:58 +0000 ===
=== puma startup: 2017-12-23 09:14:08 +0000 ===
=== puma startup: 2017-12-23 09:17:23 +0000 ===
=== puma startup: 2017-12-23 09:18:56 +0000 ===
=== puma startup: 2017-12-25 11:08:36 +0000 ===
=== puma startup: 2017-12-25 11:12:13 +0000 ===
=== puma startup: 2017-12-25 11:14:13 +0000 ===
=== puma startup: 2017-12-25 11:16:41 +0000 ===
