=== puma startup: 2017-12-22 10:55:13 +0000 ===
=== puma startup: 2017-12-22 10:57:02 +0000 ===
[1] * Starting control server on unix:///tmp/puma-status-1513940222294-1
[1] - Worker 0 (pid: 12) booted, phase: 0
[1] - Worker 1 (pid: 14) booted, phase: 0
[1] - Gracefully shutting down workers...
=== puma startup: 2017-12-22 11:36:28 +0000 ===
[1] * Starting control server on unix:///tmp/puma-status-1513942588912-1
[1] - Worker 1 (pid: 13) booted, phase: 0
[1] - Worker 0 (pid: 10) booted, phase: 0
=== puma startup: 2017-12-22 11:37:59 +0000 ===
[1] * Starting control server on unix:///tmp/puma-status-1513942679439-1
[1] - Worker 1 (pid: 13) booted, phase: 0
[1] - Worker 0 (pid: 11) booted, phase: 0
[1] - Gracefully shutting down workers...
=== puma startup: 2017-12-22 11:44:58 +0000 ===
[1] * Starting control server on unix:///tmp/puma-status-1513943098694-1
[1] - Worker 0 (pid: 10) booted, phase: 0
[1] - Worker 1 (pid: 12) booted, phase: 0
[1] - Gracefully shutting down workers...
=== puma startup: 2017-12-23 09:14:08 +0000 ===
[1] * Starting control server on unix:///tmp/puma-status-1514020448605-1
[1] - Worker 1 (pid: 12) booted, phase: 0
[1] - Worker 0 (pid: 10) booted, phase: 0
[1] - Gracefully shutting down workers...
=== puma startup: 2017-12-23 09:17:23 +0000 ===
[1] * Starting control server on unix:///tmp/puma-status-1514020643127-1
[1] - Worker 1 (pid: 16) booted, phase: 0
[1] - Worker 0 (pid: 12) booted, phase: 0
[1] - Gracefully shutting down workers...
=== puma startup: 2017-12-23 09:18:56 +0000 ===
[1] * Starting control server on unix:///tmp/puma-status-1514020736666-1
[1] - Worker 0 (pid: 10) booted, phase: 0
[1] - Worker 1 (pid: 12) booted, phase: 0
[1] - Gracefully shutting down workers...
=== puma startup: 2017-12-25 11:08:36 +0000 ===
[1] * Starting control server on unix:///tmp/puma-status-1514200116493-1
[1] - Worker 0 (pid: 10) booted, phase: 0
[1] - Worker 1 (pid: 12) booted, phase: 0
[10] ! Detected parent died, dying
[12] ! Detected parent died, dying
=== puma startup: 2017-12-25 11:12:13 +0000 ===
[1] * Starting control server on unix:///tmp/puma-status-1514200333562-1
[1] - Worker 0 (pid: 10) booted, phase: 0
[1] - Worker 1 (pid: 12) booted, phase: 0
[10] ! Detected parent died, dying
[12] ! Detected parent died, dying
=== puma startup: 2017-12-25 11:14:13 +0000 ===
[1] * Starting control server on unix:///tmp/puma-status-1514200453365-1
[1] - Worker 1 (pid: 12) booted, phase: 0
[1] - Worker 0 (pid: 10) booted, phase: 0
[1] - Gracefully shutting down workers...
=== puma startup: 2017-12-25 11:16:41 +0000 ===
[1] * Starting control server on unix:///tmp/puma-status-1514200601558-1
[1] - Worker 0 (pid: 11) booted, phase: 0
[1] - Worker 1 (pid: 15) booted, phase: 0
